[debug] [2023-04-11T15:16:39.660Z] ----------------------------------------------------------------------
[debug] [2023-04-11T15:16:39.665Z] Command:       C:\Program Files\nodejs\node.exe C:\Users\abc\AppData\Roaming\npm\node_modules\firebase-tools\lib\bin\firebase.js init
[debug] [2023-04-11T15:16:39.666Z] CLI Version:   11.25.3
[debug] [2023-04-11T15:16:39.666Z] Platform:      win32
[debug] [2023-04-11T15:16:39.666Z] Node Version:  v18.15.0
[debug] [2023-04-11T15:16:39.667Z] Time:          Tue Apr 11 2023 20:46:39 GMT+0530 (India Standard Time)
[debug] [2023-04-11T15:16:39.667Z] ----------------------------------------------------------------------
[debug] 
[debug] [2023-04-11T15:16:39.767Z] > command requires scopes: ["email","openid","https://www.googleapis.com/auth/cloudplatformprojects.readonly","https://www.googleapis.com/auth/firebase","https://www.googleapis.com/auth/cloud-platform"]
[debug] [2023-04-11T15:16:39.767Z] > authorizing via signed-in user (sakshibhardwaj14@gmail.com)
[info] 
     ######## #### ########  ######## ########     ###     ######  ########
     ##        ##  ##     ## ##       ##     ##  ##   ##  ##       ##
     ######    ##  ########  ######   ########  #########  ######  ######
     ##        ##  ##    ##  ##       ##     ## ##     ##       ## ##
     ##       #### ##     ## ######## ########  ##     ##  ######  ########

You're about to initialize a Firebase project in this directory:

  C:\Users\abc\Desktop\amazon

Before we get started, keep in mind:

  * You are initializing within an existing Firebase project directory

[info] 
=== Project Setup
[info] 
[info] First, let's associate this project directory with a Firebase project.
[info] You can create multiple project aliases by running firebase use --add, 
[info] but for now we'll just set up a default project.
[info] 
[debug] [2023-04-11T15:16:50.847Z] Using project from CLI flag: clone-29372
[debug] [2023-04-11T15:16:50.853Z] >>> [apiv2][query] GET https://firebase.googleapis.com/v1beta1/projects/clone-29372 [none]
[debug] [2023-04-11T15:16:51.392Z] <<< [apiv2][status] GET https://firebase.googleapis.com/v1beta1/projects/clone-29372 200
[debug] [2023-04-11T15:16:51.392Z] <<< [apiv2][body] GET https://firebase.googleapis.com/v1beta1/projects/clone-29372 {"projectId":"clone-29372","projectNumber":"1025161755409","displayName":"amazon-clone","name":"projects/clone-29372","resources":{"hostingSite":"clone-29372"},"state":"ACTIVE","etag":"1_98e3a106-bae9-4663-b45d-daa928ad5909"}
[info] i  Using project clone-29372 (amazon-clone) 
[info] 
=== Hosting Setup
[info] 
[info] Your public directory is the folder (relative to your project directory) that
[info] will contain Hosting assets to be uploaded with firebase deploy. If you
[info] have a build process for your assets, use your build's output directory.
[info] 
